::1 - - [09/Mar/2020:17:11:42 +0100] "GET / HTTP/1.1" 500 519
::1 - - [09/Mar/2020:17:18:49 +0100] "GET / HTTP/1.1" 500 519
::1 - - [10/Mar/2020:16:21:46 +0100] "GET / HTTP/1.1" 200 4295
::1 - - [10/Mar/2020:16:21:48 +0100] "GET /style.css HTTP/1.1" 404 232
::1 - - [10/Mar/2020:16:21:48 +0100] "GET /static/logo_01.gif HTTP/1.1" 200 1079
::1 - - [10/Mar/2020:16:21:48 +0100] "GET /static/MDT_logo.jpg HTTP/1.1" 200 146210
::1 - - [10/Mar/2020:16:21:53 +0100] "GET / HTTP/1.1" 200 4295
::1 - - [10/Mar/2020:16:21:53 +0100] "GET /style.css HTTP/1.1" 404 232
::1 - - [10/Mar/2020:16:21:55 +0100] "GET /about HTTP/1.1" 200 4803
::1 - - [10/Mar/2020:16:21:55 +0100] "GET /style.css HTTP/1.1" 404 232
::1 - - [10/Mar/2020:16:21:55 +0100] "GET /static/TU_Logo_lang.JPG HTTP/1.1" 200 41578
::1 - - [10/Mar/2020:16:21:56 +0100] "GET /nutzung-pruefstand HTTP/1.1" 200 3849
::1 - - [10/Mar/2020:16:21:56 +0100] "GET /style.css HTTP/1.1" 404 232
::1 - - [10/Mar/2020:16:21:57 +0100] "GET /nutzung-pruefstand HTTP/1.1" 200 3849
::1 - - [10/Mar/2020:16:21:57 +0100] "GET /style.css HTTP/1.1" 404 232
::1 - - [10/Mar/2020:16:21:58 +0100] "GET /webcam HTTP/1.1" 500 290
::1 - - [10/Mar/2020:16:22:01 +0100] "GET / HTTP/1.1" 200 4295
::1 - - [10/Mar/2020:16:22:01 +0100] "GET /style.css HTTP/1.1" 404 232
::1 - - [10/Mar/2020:16:22:04 +0100] "GET /login HTTP/1.1" 200 4188
::1 - - [10/Mar/2020:16:22:04 +0100] "GET /style.css HTTP/1.1" 404 232
::1 - - [10/Mar/2020:16:22:05 +0100] "GET / HTTP/1.1" 200 4295
::1 - - [10/Mar/2020:16:22:06 +0100] "GET /style.css HTTP/1.1" 404 232
::1 - - [10/Mar/2020:16:22:06 +0100] "GET /register HTTP/1.1" 200 4750
::1 - - [10/Mar/2020:16:22:06 +0100] "GET /style.css HTTP/1.1" 404 232
::1 - - [10/Mar/2020:16:22:07 +0100] "GET / HTTP/1.1" 200 4295
::1 - - [10/Mar/2020:16:22:07 +0100] "GET /style.css HTTP/1.1" 404 232
::1 - - [10/Mar/2020:16:22:08 +0100] "GET /login HTTP/1.1" 200 4188
::1 - - [10/Mar/2020:16:22:08 +0100] "GET /style.css HTTP/1.1" 404 232
::1 - - [10/Mar/2020:16:22:10 +0100] "GET / HTTP/1.1" 200 4295
::1 - - [10/Mar/2020:16:22:10 +0100] "GET /style.css HTTP/1.1" 404 232
::1 - - [10/Mar/2020:16:22:23 +0100] "GET / HTTP/1.1" 200 4295
::1 - - [10/Mar/2020:16:22:24 +0100] "GET /style.css HTTP/1.1" 404 232
::1 - - [10/Mar/2020:16:22:25 +0100] "GET /about HTTP/1.1" 200 4803

::1 - - [10/Mar/2020:16:22:25 +0100] "GET /style.css HTTP/1.1" 404 232
::1 - - [10/Mar/2020:16:22:25 +0100] "GET / HTTP/1.1" 200 4295
::1 - - [10/Mar/2020:16:22:26 +0100] "GET /style.css HTTP/1.1" 404 232
::1 - - [10/Mar/2020:16:31:00 +0100] "GET / HTTP/1.1" 500 519
::1 - - [10/Mar/2020:16:31:06 +0100] "GET / HTTP/1.1" 500 519
::1 - - [10/Mar/2020:16:45:05 +0100] "GET / HTTP/1.1" 200 4295
::1 - - [10/Mar/2020:16:45:07 +0100] "GET /style.css HTTP/1.1" 404 232
::1 - - [10/Mar/2020:16:48:50 +0100] "GET /about HTTP/1.1" 200 4803
::1 - - [10/Mar/2020:16:48:50 +0100] "GET /style.css HTTP/1.1" 404 232
::1 - - [10/Mar/2020:16:48:51 +0100] "GET / HTTP/1.1" 200 4295
::1 - - [10/Mar/2020:16:48:52 +0100] "GET /style.css HTTP/1.1" 404 232
::1 - - [10/Mar/2020:17:17:25 +0100] "GET / HTTP/1.1" 200 4295
::1 - - [10/Mar/2020:17:17:25 +0100] "GET /style.css HTTP/1.1" 404 232
::1 - - [10/Mar/2020:17:17:26 +0100] "GET /about HTTP/1.1" 200 4803
::1 - - [10/Mar/2020:17:17:26 +0100] "GET /style.css HTTP/1.1" 404 232
::1 - - [10/Mar/2020:17:17:28 +0100] "GET / HTTP/1.1" 200 4295
::1 - - [10/Mar/2020:17:17:28 +0100] "GET /style.css HTTP/1.1" 404 232
::1 - - [10/Mar/2020:17:28:46 +0100] "GET / HTTP/1.1" 500 519
::1 - - [10/Mar/2020:17:45:33 +0100] "GET / HTTP/1.1" 200 4295
::1 - - [10/Mar/2020:17:45:33 +0100] "GET / HTTP/1.1" 200 4295
::1 - - [10/Mar/2020:17:45:35 +0100] "GET /style.css HTTP/1.1" 404 232
::1 - - [10/Mar/2020:17:45:39 +0100] "GET /about HTTP/1.1" 200 4803
::1 - - [10/Mar/2020:17:45:39 +0100] "GET /style.css HTTP/1.1" 404 232
::1 - - [10/Mar/2020:17:45:40 +0100] "GET / HTTP/1.1" 200 4295
::1 - - [10/Mar/2020:17:45:40 +0100] "GET /style.css HTTP/1.1" 404 232
::1 - - [10/Mar/2020:17:45:40 +0100] "GET /nutzung-pruefstand HTTP/1.1" 200 3849
::1 - - [10/Mar/2020:17:45:40 +0100] "GET /style.css HTTP/1.1" 404 232
::1 - - [10/Mar/2020:17:45:42 +0100] "GET / HTTP/1.1" 200 4295
::1 - - [10/Mar/2020:17:45:42 +0100] "GET /style.css HTTP/1.1" 404 232
::1 - - [10/Mar/2020:17:45:46 +0100] "GET /webcam HTTP/1.1" 500 290
::1 - - [10/Mar/2020:18:52:00 +0100] "GET / HTTP/1.1" 200 4514
::1 - - [10/Mar/2020:18:52:02 +0100] "GET /style.css HTTP/1.1" 404 232
::1 - - [10/Mar/2020:18:52:04 +0100] "GET /about HTTP/1.1" 200 4879
::1 - - [10/Mar/2020:18:52:04 +0100] "GET /style.css HTTP/1.1" 404 232
::1 - - [10/Mar/2020:18:52:05 +0100] "GET / HTTP/1.1" 200 4514
::1 - - [10/Mar/2020:18:52:05 +0100] "GET /style.css HTTP/1.1" 404 232
::1 - - [10/Mar/2020:18:52:09 +0100] "GET /login HTTP/1.1" 200 4264
::1 - - [10/Mar/2020:18:52:09 +0100] "GET /style.css HTTP/1.1" 404 232
::1 - - [10/Mar/2020:18:52:18 +0100] "POST /login HTTP/1.1" 500 290
::1 - - [10/Mar/2020:18:59:08 +0100] "GET / HTTP/1.1" 200 4514
::1 - - [10/Mar/2020:18:59:10 +0100] "GET /style.css HTTP/1.1" 404 232
::1 - - [10/Mar/2020:18:59:11 +0100] "GET /login HTTP/1.1" 200 4264
::1 - - [10/Mar/2020:18:59:11 +0100] "GET /style.css HTTP/1.1" 404 232
::1 - - [10/Mar/2020:18:59:16 +0100] "POST /login HTTP/1.1" 302 227
::1 - - [10/Mar/2020:18:59:19 +0100] "GET /dashboard HTTP/1.1" 200 10697
::1 - - [10/Mar/2020:18:59:19 +0100] "GET /style.css HTTP/1.1" 404 232
::1 - - [10/Mar/2020:18:59:38 +0100] "GET /logout HTTP/1.1" 302 219
::1 - - [10/Mar/2020:18:59:38 +0100] "GET /login HTTP/1.1" 200 4329
::1 - - [10/Mar/2020:18:59:38 +0100] "GET /style.css HTTP/1.1" 404 232
::1 - - [10/Mar/2020:18:59:40 +0100] "GET / HTTP/1.1" 200 4514
::1 - - [10/Mar/2020:18:59:40 +0100] "GET /style.css HTTP/1.1" 404 232
::1 - - [14/Mar/2020:18:00:14 +0100] "GET / HTTP/1.1" 500 519
::1 - - [14/Mar/2020:18:03:49 +0100] "GET / HTTP/1.1" 500 519
::1 - - [14/Mar/2020:18:49:04 +0100] "GET / HTTP/1.1" 500 519
::1 - - [14/Mar/2020:18:51:02 +0100] "GET / HTTP/1.1" 500 519
::1 - - [14/Mar/2020:18:51:07 +0100] "GET / HTTP/1.1" 500 519
::1 - - [14/Mar/2020:18:54:14 +0100] "GET / HTTP/1.1" 200 4311
::1 - - [14/Mar/2020:18:54:16 +0100] "GET /style.css HTTP/1.1" 404 232
::1 - - [14/Mar/2020:18:54:18 +0100] "GET /about HTTP/1.1" 200 4807
::1 - - [14/Mar/2020:18:54:18 +0100] "GET /style.css HTTP/1.1" 404 232
::1 - - [14/Mar/2020:18:54:19 +0100] "GET /dashboard HTTP/1.1" 200 11969
::1 - - [14/Mar/2020:18:54:19 +0100] "GET /style.css HTTP/1.1" 404 232
::1 - - [14/Mar/2020:18:55:07 +0100] "POST /dashboard HTTP/1.1" 302 227
::1 - - [14/Mar/2020:18:55:12 +0100] "GET /dashboard HTTP/1.1" 200 13385
::1 - - [14/Mar/2020:18:55:12 +0100] "GET /style.css HTTP/1.1" 404 232
::1 - - [14/Mar/2020:18:55:17 +0100] "GET / HTTP/1.1" 200 4311
::1 - - [14/Mar/2020:18:55:17 +0100] "GET /style.css HTTP/1.1" 404 232
::1 - - [14/Mar/2020:18:55:21 +0100] "GET /logout HTTP/1.1" 302 219
::1 - - [14/Mar/2020:18:55:21 +0100] "GET /login HTTP/1.1" 200 4329
::1 - - [14/Mar/2020:18:55:21 +0100] "GET /style.css HTTP/1.1" 404 232
::1 - - [14/Mar/2020:19:01:07 +0100] "GET / HTTP/1.1" 200 4514
::1 - - [14/Mar/2020:19:01:07 +0100] "GET /style.css HTTP/1.1" 404 232
::1 - - [20/Mar/2020:15:12:14 +0100] "GET / HTTP/1.1" 500 519
::1 - - [20/Mar/2020:15:12:24 +0100] "GET / HTTP/1.1" 500 519
::1 - - [20/Mar/2020:15:16:01 +0100] "GET / HTTP/1.1" 500 519
::1 - - [20/Mar/2020:15:18:14 +0100] "GET / HTTP/1.1" 200 3905
::1 - - [20/Mar/2020:15:18:19 +0100] "GET /dashboard HTTP/1.1" 200 10655
::1 - - [20/Mar/2020:15:18:38 +0100] "POST /start_measurement/11 HTTP/1.1" 302 227
::1 - - [20/Mar/2020:15:18:38 +0100] "GET /dashboard HTTP/1.1" 200 10655
::1 - - [20/Mar/2020:15:18:48 +0100] "POST /start_measurement/11 HTTP/1.1" 302 227
::1 - - [20/Mar/2020:15:18:48 +0100] "GET /dashboard HTTP/1.1" 200 10655
::1 - - [20/Mar/2020:15:18:58 +0100] "POST /start_measurement/13 HTTP/1.1" 302 227
::1 - - [20/Mar/2020:15:18:58 +0100] "GET /dashboard HTTP/1.1" 200 10655
::1 - - [20/Mar/2020:15:24:38 +0100] "POST /start_measurement/11 HTTP/1.1" 302 227
::1 - - [20/Mar/2020:15:24:38 +0100] "GET /dashboard HTTP/1.1" 200 10655
::1 - - [20/Mar/2020:15:27:07 +0100] "GET /dashboard HTTP/1.1" 200 10655
::1 - - [20/Mar/2020:15:27:32 +0100] "POST /start_measurement/11 HTTP/1.1" 302 227
::1 - - [20/Mar/2020:15:27:32 +0100] "GET /dashboard HTTP/1.1" 200 10655
::1 - - [20/Mar/2020:15:43:42 +0100] "GET /dashboard HTTP/1.1" 200 10655
::1 - - [20/Mar/2020:15:43:47 +0100] "POST /start_measurement/11 HTTP/1.1" 302 227
::1 - - [20/Mar/2020:15:43:47 +0100] "GET /dashboard HTTP/1.1" 200 10655
::1 - - [20/Mar/2020:15:44:00 +0100] "POST /start_measurement/13 HTTP/1.1" 302 227
::1 - - [20/Mar/2020:15:44:00 +0100] "GET /dashboard HTTP/1.1" 200 10655
